Traceback (most recent call last):
  File "/home/tom/.conda/envs/financial_derivatives/lib/python3.11/site-packages/jupyter_cache/executors/utils.py", line 51, in single_nb_execution
    executenb(
  File "/home/tom/.conda/envs/financial_derivatives/lib/python3.11/site-packages/nbclient/client.py", line 1204, in execute
    return NotebookClient(nb=nb, resources=resources, km=km, **kwargs).execute()
           ^^^^^^^^^^^^^^^^^^^^^^^^^^^^^^^^^^^^^^^^^^^^^^^^^^^^^^^^^^^^^^^^^^^^^
  File "/home/tom/.conda/envs/financial_derivatives/lib/python3.11/site-packages/nbclient/util.py", line 84, in wrapped
    return just_run(coro(*args, **kwargs))
           ^^^^^^^^^^^^^^^^^^^^^^^^^^^^^^^
  File "/home/tom/.conda/envs/financial_derivatives/lib/python3.11/site-packages/nbclient/util.py", line 62, in just_run
    return loop.run_until_complete(coro)
           ^^^^^^^^^^^^^^^^^^^^^^^^^^^^^
  File "/home/tom/.conda/envs/financial_derivatives/lib/python3.11/asyncio/base_events.py", line 650, in run_until_complete
    return future.result()
           ^^^^^^^^^^^^^^^
  File "/home/tom/.conda/envs/financial_derivatives/lib/python3.11/contextlib.py", line 222, in __aexit__
    await self.gen.athrow(typ, value, traceback)
  File "/home/tom/.conda/envs/financial_derivatives/lib/python3.11/site-packages/nbclient/client.py", line 608, in async_setup_kernel
    yield
  File "/home/tom/.conda/envs/financial_derivatives/lib/python3.11/site-packages/nbclient/client.py", line 663, in async_execute
    await self.async_execute_cell(
  File "/home/tom/.conda/envs/financial_derivatives/lib/python3.11/site-packages/nbclient/client.py", line 965, in async_execute_cell
    await self._check_raise_for_error(cell, cell_index, exec_reply)
  File "/home/tom/.conda/envs/financial_derivatives/lib/python3.11/site-packages/nbclient/client.py", line 862, in _check_raise_for_error
    raise CellExecutionError.from_cell_and_msg(cell, exec_reply_content)
nbclient.exceptions.CellExecutionError: An error occurred while executing the following cell:
------------------
k = 100  # strike price
p = 5  # option premium
df = pd.DataFrame()
df["S"] = pd.Series(range(0, 201))
df["profit"] = [max(s - k, 0) - p for s in df['S']]
chart = (
    alt.Chart(df)
    .mark_line()
    .encode(x="S", y="profit")
    .properties(title="Long Forward/Futures, K=100, at maturity")
)
xrule = alt.Chart().mark_rule(strokeDash=[6, 6], strokeWidth=1).encode(x=alt.datum(100))
yrule = alt.Chart().mark_rule(strokeDash=[6, 6], strokeWidth=1).encode(y=alt.datum(0))

chart + xrule + yrule
------------------

[0;31m---------------------------------------------------------------------------[0m
[0;31mNameError[0m                                 Traceback (most recent call last)
Cell [0;32mIn[1], line 3[0m
[1;32m      1[0m k [38;5;241m=[39m [38;5;241m100[39m  [38;5;66;03m# strike price[39;00m
[1;32m      2[0m p [38;5;241m=[39m [38;5;241m5[39m  [38;5;66;03m# option premium[39;00m
[0;32m----> 3[0m df [38;5;241m=[39m [43mpd[49m[38;5;241m.[39mDataFrame()
[1;32m      4[0m df[[38;5;124m"[39m[38;5;124mS[39m[38;5;124m"[39m] [38;5;241m=[39m pd[38;5;241m.[39mSeries([38;5;28mrange[39m([38;5;241m0[39m, [38;5;241m201[39m))
[1;32m      5[0m df[[38;5;124m"[39m[38;5;124mprofit[39m[38;5;124m"[39m] [38;5;241m=[39m [[38;5;28mmax[39m(s [38;5;241m-[39m k, [38;5;241m0[39m) [38;5;241m-[39m p [38;5;28;01mfor[39;00m s [38;5;129;01min[39;00m df[[38;5;124m'[39m[38;5;124mS[39m[38;5;124m'[39m]]

[0;31mNameError[0m: name 'pd' is not defined
NameError: name 'pd' is not defined

